<?xml version="1.0" encoding="UTF-8"?>
<!-- Generated by org.testng.reporters.JUnitReportReporter -->
<testsuite hostname="DESKTOP-T6DNDPP" failures="0" tests="4" name="runner.TestRunner" time="78.477" errors="0" timestamp="2023-07-26T05:02:49 PDT" skipped="0">
  <testcase classname="runner.TestRunner" name="runScenario" time="24.663"/>
  <system-out/>
  <testcase classname="runner.TestRunner" name="runScenario" time="18.644"/>
  <system-out/>
  <testcase classname="runner.TestRunner" name="runScenario" time="16.496"/>
  <system-out/>
  <testcase classname="runner.TestRunner" name="runScenario" time="18.674"/>
  <system-out/>
</testsuite> <!-- runner.TestRunner -->
